<?xml version="1.0" encoding="UTF-8"?>
<testng-results total="4" passed="4" failed="0" skipped="0">
  <reporter-output>
  </reporter-output>
  <suite started-at="2021-06-06T11:15:09Z" name="Preserve Enable TestSuite" finished-at="2021-06-06T11:15:09Z" duration-ms="22">
    <groups>
    </groups>
    <test started-at="2021-06-06T11:15:09Z" name="Test 1" finished-at="2021-06-06T11:15:09Z" duration-ms="22">
      <class name="testClasses.TestNG_Preserve2">
        <test-method signature="testMethod1()[pri:0, instance:testClasses.TestNG_Preserve2@6221a451]" started-at="2021-06-06T16:45:09Z" name="testMethod1" finished-at="2021-06-06T16:45:09Z" duration-ms="7" status="PASS">
          <reporter-output>
          </reporter-output>
        </test-method> <!-- testMethod1 -->
        <test-method signature="testMethod2()[pri:0, instance:testClasses.TestNG_Preserve2@6221a451]" started-at="2021-06-06T16:45:09Z" name="testMethod2" finished-at="2021-06-06T16:45:09Z" duration-ms="2" status="PASS">
          <reporter-output>
          </reporter-output>
        </test-method> <!-- testMethod2 -->
      </class> <!-- testClasses.TestNG_Preserve2 -->
      <class name="testClasses.TestNG_Preserve1">
        <test-method signature="testMethod1()[pri:0, instance:testClasses.TestNG_Preserve1@25641d39]" started-at="2021-06-06T16:45:09Z" name="testMethod1" finished-at="2021-06-06T16:45:09Z" duration-ms="1" status="PASS">
          <reporter-output>
          </reporter-output>
        </test-method> <!-- testMethod1 -->
        <test-method signature="testMethod2()[pri:0, instance:testClasses.TestNG_Preserve1@25641d39]" started-at="2021-06-06T16:45:09Z" name="testMethod2" finished-at="2021-06-06T16:45:09Z" duration-ms="0" status="PASS">
          <reporter-output>
          </reporter-output>
        </test-method> <!-- testMethod2 -->
      </class> <!-- testClasses.TestNG_Preserve1 -->
    </test> <!-- Test 1 -->
  </suite> <!-- Preserve Enable TestSuite -->
</testng-results>
