<?xml version="1.0" encoding="UTF-8"?>
<!-- Generated by org.testng.reporters.JUnitXMLReporter -->
<testsuite hostname="DESKTOP-UVQNT7S" failures="1" tests="2" name="Application Test 1" time="0.024" errors="0" timestamp="30 Jan 2021 10:38:29 GMT">
  <testcase classname="testClasses.TestNG_ListenersTest1" name="testMethod1" time="0.004"/>
  <testcase classname="testClasses.TestNG_ListenersTest1" name="testMethod2" time="0.001">
    <failure type="java.lang.AssertionError" message="expected [true] but found [false]">
      <![CDATA[java.lang.AssertionError: expected [true] but found [false]
	at testClasses.TestNG_ListenersTest1.testMethod2(TestNG_ListenersTest1.java:33)
... Removed 28 stack frames]]>
    </failure>
  </testcase> <!-- testMethod2 -->
</testsuite> <!-- Application Test 1 -->
