<?xml version="1.0" encoding="UTF-8"?>
<!-- Generated by org.testng.reporters.JUnitXMLReporter -->
<testsuite hostname="DESKTOP-UVQNT7S" failures="1" tests="2" name="Application Test 2" time="0.006" errors="0" timestamp="30 Jan 2021 10:38:29 GMT">
  <testcase classname="testClasses.TestNG_ListenersTest2" name="testMethod1" time="0.001"/>
  <testcase classname="testClasses.TestNG_ListenersTest2" name="testMethod2" time="0.001">
    <failure type="java.lang.AssertionError" message="expected [true] but found [false]">
      <![CDATA[java.lang.AssertionError: expected [true] but found [false]
	at testClasses.TestNG_ListenersTest2.testMethod2(TestNG_ListenersTest2.java:35)
... Removed 28 stack frames]]>
    </failure>
  </testcase> <!-- testMethod2 -->
</testsuite> <!-- Application Test 2 -->
